<?xml version="1.0" encoding="utf-8"?><testsuites><testsuite name="pytest" errors="0" failures="0" skipped="0" tests="6" time="4.090" timestamp="2025-05-29T14:19:38.049091+00:00" hostname="fv-az1979-228"><testcase classname="common.test_database_connections.TestDatabaseConnections" name="test_mongodb_connection" time="0.011" /><testcase classname="common.test_database_connections.TestDatabaseConnections" name="test_postgresql_connection" time="0.008" /><testcase classname="common.test_database_connections.TestDatabaseConnections" name="test_redis_connection" time="0.002" /><testcase classname="v1.test_books.test_repositories.TestBooksRepository" name="test_repository_crud" time="0.097" /><testcase classname="v1.test_books.test_responses.TestEnvelopeFormat" name="test_envelope_keys" time="0.085" /><testcase classname="v1.test_books.test_services.TestBooksServices" name="test_service_create_retrieve_update_delete_flow" time="0.050" /></testsuite></testsuites>